<?xml version="1.0" encoding="UTF-8"?>
<!-- Generated by org.testng.reporters.JUnitReportReporter -->
<testsuite hostname="LAPTOP-1VAE7OK5" name="Driverfactors.TestScript" tests="1" failures="0" timestamp="20 Sep 2022 07:44:24 GMT" time="6.432" errors="0">
  <testcase name="empolyeecreation" time="6.432" classname="Driverfactors.TestScript"/>
</testsuite> <!-- Driverfactors.TestScript -->
