<?xml version="1.0" encoding="UTF-8"?>
<!-- Generated by org.testng.reporters.JUnitReportReporter -->
<testsuite hostname="LAPTOP-1VAE7OK5" name="Driverfactors.DriverscriptPOM" tests="1" failures="0" timestamp="20 Sep 2022 10:40:21 GMT" time="44.134" errors="0">
  <testcase name="starttest" time="44.134" classname="Driverfactors.DriverscriptPOM"/>
</testsuite> <!-- Driverfactors.DriverscriptPOM -->
